<?xml version="1.0" encoding="UTF-8"?>
<!-- Generated by org.testng.reporters.JUnitXMLReporter -->
<testsuite hostname="DESKTOP-TA3D90D" ignored="0" name="Default test" tests="4" failures="0" timestamp="2020-10-15T14:05:54 EDT" time="2.869" errors="0">
  <testcase name="InvalidateCreateCustomerAPIWithValidSecretKey" time="1.58" classname="com.w2a.APITestingFrameworkTestCases.CreateCustomerTest"/>
  <testcase name="validateCreateCustomerAPIWithValidSecretKey" time="0.383" classname="com.w2a.APITestingFrameworkTestCases.CreateCustomerTest"/>
  <testcase name="validateCreateCustomerAPIWithValidSecretKey" time="0.515" classname="com.w2a.APITestingFrameworkTestCases.CreateCustomerTest"/>
  <testcase name="validateCreateCustomerAPIWithValidSecretKey" time="0.33" classname="com.w2a.APITestingFrameworkTestCases.CreateCustomerTest"/>
</testsuite> <!-- Default test -->
