<?xml version="1.0" encoding="UTF-8"?>
<!-- Generated by org.testng.reporters.JUnitXMLReporter -->
<testsuite hostname="DESKTOP-TA3D90D" ignored="0" name="Create Customer Test" tests="11" failures="0" timestamp="2020-10-16T20:22:07 EDT" time="5.547" errors="0">
  <testcase name="InvalidateCreateCustomerAPIWithValidSecretKey" time="1.73" classname="com.w2a.APITestingFrameworkTestCases.CreateCustomerTest"/>
  <testcase name="validateCreateCustomerAPIWithValidSecretKey" time="0.4" classname="com.w2a.APITestingFrameworkTestCases.CreateCustomerTest"/>
  <testcase name="validateCreateCustomerAPIWithValidSecretKey" time="0.301" classname="com.w2a.APITestingFrameworkTestCases.CreateCustomerTest"/>
  <testcase name="validateCreateCustomerAPIWithValidSecretKey" time="0.317" classname="com.w2a.APITestingFrameworkTestCases.CreateCustomerTest"/>
  <testcase name="validateCreateCustomerAPIWithValidSecretKey" time="0.47" classname="com.w2a.APITestingFrameworkTestCases.CreateCustomerTest"/>
  <testcase name="validateCreateCustomerAPIWithValidSecretKey" time="0.373" classname="com.w2a.APITestingFrameworkTestCases.CreateCustomerTest"/>
  <testcase name="validateCreateCustomerAPIWithValidSecretKey" time="0.33" classname="com.w2a.APITestingFrameworkTestCases.CreateCustomerTest"/>
  <testcase name="validateCreateCustomerAPIWithValidSecretKey" time="0.347" classname="com.w2a.APITestingFrameworkTestCases.CreateCustomerTest"/>
  <testcase name="validateCreateCustomerAPIWithValidSecretKey" time="0.333" classname="com.w2a.APITestingFrameworkTestCases.CreateCustomerTest"/>
  <testcase name="validateCreateCustomerAPIWithValidSecretKey" time="0.341" classname="com.w2a.APITestingFrameworkTestCases.CreateCustomerTest"/>
  <testcase name="validateCreateCustomerAPIWithValidSecretKey" time="0.38" classname="com.w2a.APITestingFrameworkTestCases.CreateCustomerTest"/>
</testsuite> <!-- Create Customer Test -->
