<?xml version="1.0" encoding="UTF-8"?>
<!-- Generated by org.testng.reporters.JUnitXMLReporter -->
<testsuite hostname="DESKTOP-TA3D90D" ignored="0" name="Delete Customer Test" tests="12" failures="0" timestamp="2020-10-16T20:17:35 EDT" time="7.408" errors="0">
  <testcase name="deleteCustomer" time="1.875" classname="com.w2a.APITestingFrameworkTestCases.DeleteCustomerTest"/>
  <testcase name="deleteCustomer" time="0.433" classname="com.w2a.APITestingFrameworkTestCases.DeleteCustomerTest"/>
  <testcase name="deleteCustomer" time="0.48" classname="com.w2a.APITestingFrameworkTestCases.DeleteCustomerTest"/>
  <testcase name="deleteCustomer" time="0.484" classname="com.w2a.APITestingFrameworkTestCases.DeleteCustomerTest"/>
  <testcase name="deleteCustomer" time="0.69" classname="com.w2a.APITestingFrameworkTestCases.DeleteCustomerTest"/>
  <testcase name="deleteCustomer" time="0.494" classname="com.w2a.APITestingFrameworkTestCases.DeleteCustomerTest"/>
  <testcase name="deleteCustomer" time="0.542" classname="com.w2a.APITestingFrameworkTestCases.DeleteCustomerTest"/>
  <testcase name="deleteCustomer" time="0.465" classname="com.w2a.APITestingFrameworkTestCases.DeleteCustomerTest"/>
  <testcase name="deleteCustomer" time="0.453" classname="com.w2a.APITestingFrameworkTestCases.DeleteCustomerTest"/>
  <testcase name="deleteCustomer" time="0.464" classname="com.w2a.APITestingFrameworkTestCases.DeleteCustomerTest"/>
  <testcase name="deleteCustomer" time="0.422" classname="com.w2a.APITestingFrameworkTestCases.DeleteCustomerTest"/>
  <testcase name="deleteCustomer" time="0.432" classname="com.w2a.APITestingFrameworkTestCases.DeleteCustomerTest"/>
</testsuite> <!-- Delete Customer Test -->
